<?xml version="1.0" encoding="UTF-8"?>
<!-- Generated by org.testng.reporters.JUnitReportReporter -->
<testsuite hostname="DESKTOP-F7B0BRF" failures="0" tests="3" name="test.day4" time="0.018" errors="0" timestamp="2024-03-24T22:40:48 IST" skipped="0">
  <testcase classname="test.day4" name="LoginAPIHomeLoan" time="0.005"/>
  <system-out/>
  <testcase classname="test.day4" name="MobileLoginHomeLoan" time="0.007"/>
  <system-out/>
  <testcase classname="test.day4" name="WebloginHomeLoan" time="0.006"/>
  <system-out/>
</testsuite> <!-- test.day4 -->
