<?xml version="1.0" encoding="UTF-8"?>
<!-- Generated by org.testng.reporters.JUnitReportReporter -->
<testsuite hostname="DESKTOP-F7B0BRF" failures="0" tests="1" name="test.day1" time="0.017" errors="0" timestamp="2024-03-24T22:40:48 IST" skipped="0">
  <testcase classname="test.day1" name="Demo" time="0.017"/>
  <system-out/>
</testsuite> <!-- test.day1 -->
