<?xml version="1.0" encoding="UTF-8"?>
<!-- Generated by org.testng.reporters.JUnitReportReporter -->
<testsuite hostname="DESKTOP-F7B0BRF" failures="0" tests="2" name="test.day3" time="0.006" errors="0" timestamp="2024-03-24T22:40:48 IST" skipped="1">
  <testcase classname="test.day3" name="MobileLoginCarLoan" time="0.006"/>
  <system-out/>
  <testcase classname="test.day3" name="MobileSignOut">
    <skipped/>
  </testcase> <!-- MobileSignOut -->
  <system-out/>
</testsuite> <!-- test.day3 -->
