<?xml version="1.0" encoding="UTF-8"?>
<!-- Generated by org.testng.reporters.JUnitReportReporter -->
<testsuite hostname="DESKTOP-F7B0BRF" failures="0" tests="1" name="test.day2" time="0.005" errors="0" timestamp="2024-03-24T22:40:48 IST" skipped="0">
  <testcase classname="test.day2" name="Plan" time="0.005"/>
  <system-out/>
</testsuite> <!-- test.day2 -->
