<?xml version="1.0" encoding="UTF-8"?>
<!-- Generated by org.testng.reporters.JUnitReportReporter -->
<testsuite hostname="DESKTOP-F7B0BRF" failures="0" tests="1" name="test2" time="0.037" errors="0" timestamp="19 Mar 2024 07:20:37 GMT">
  <testcase classname="test2" name="streamFilter" time="0.037"/>
</testsuite> <!-- test2 -->
