<?xml version="1.0" encoding="UTF-8"?>
<!-- Generated by org.testng.reporters.JUnitReportReporter -->
<testsuite hostname="DESKTOP-F7B0BRF" failures="0" tests="2" name="Dipanjana.tests.SubmitOrderTest" time="0.000" errors="0" timestamp="16 Apr 2024 11:15:40 GMT" skipped="2">
  <testcase classname="Dipanjana.tests.SubmitOrderTest" name="OrderHistoryTest" time="0.000">
    <skipped/>
  </testcase> <!-- OrderHistoryTest -->
  <testcase classname="Dipanjana.tests.SubmitOrderTest" name="submitOrder" time="0.000">
    <skipped/>
  </testcase> <!-- submitOrder -->
</testsuite> <!-- Dipanjana.tests.SubmitOrderTest -->
