<?xml version="1.0" encoding="UTF-8"?>
<!-- Generated by org.testng.reporters.JUnitReportReporter -->
<testsuite hostname="DESKTOP-F7B0BRF" failures="0" tests="2" name="Dipanjana.tests.ErrorValidationsTest" time="20.749" errors="0" timestamp="16 Apr 2024 11:43:44 GMT" skipped="0">
  <testcase classname="Dipanjana.tests.ErrorValidationsTest" name="LoginErrorValidation" time="1.046"/>
  <testcase classname="Dipanjana.tests.ErrorValidationsTest" name="ProductErrorValidation" time="19.703"/>
</testsuite> <!-- Dipanjana.tests.ErrorValidationsTest -->
