<?xml version="1.0" encoding="UTF-8"?>
<!-- Generated by org.testng.reporters.JUnitReportReporter -->
<testsuite hostname="DESKTOP-F7B0BRF" failures="0" tests="1" name="Dipanjana.ExtendReports.ExtentReportDemo" time="7.493" errors="0" timestamp="2024-04-15T17:46:42 IST" skipped="0">
  <testcase classname="Dipanjana.ExtendReports.ExtentReportDemo" name="initialization" time="7.493"/>
</testsuite> <!-- Dipanjana.ExtendReports.ExtentReportDemo -->
