<?xml version="1.0" encoding="UTF-8"?>
<!-- Generated by org.testng.reporters.JUnitReportReporter -->
<testsuite hostname="DESKTOP-F7B0BRF" failures="0" tests="1" name="Dipanjana.tests.ErrorValidationsTest" time="9.409" errors="0" timestamp="18 Apr 2024 12:05:55 GMT" skipped="0">
  <testcase classname="Dipanjana.tests.ErrorValidationsTest" name="LoginErrorValidation" time="9.409"/>
</testsuite> <!-- Dipanjana.tests.ErrorValidationsTest -->
