<?xml version="1.0" encoding="UTF-8"?>
<!-- Generated by org.testng.reporters.JUnitReportReporter -->
<testsuite hostname="DESKTOP-F7B0BRF" failures="0" tests="1" name="SumValidation" time="3.184" errors="0" timestamp="19 Jul 2024 12:06:18 GMT">
  <testcase classname="SumValidation" name="sumOfCourses" time="3.184"/>
</testsuite> <!-- SumValidation -->
